::1 - - [30/Jul/2023:08:29:48 +0000] "GET /products HTTP/1.1" 200 2 "-" "Mozilla/5.0 (Windows NT 10.0; Win64; x64) AppleWebKit/537.36 (KHTML, like Gecko) Chrome/115.0.0.0 Safari/537.36"
::1 - - [30/Jul/2023:08:29:49 +0000] "GET /favicon.ico HTTP/1.1" 404 150 "http://localhost:8000/products" "Mozilla/5.0 (Windows NT 10.0; Win64; x64) AppleWebKit/537.36 (KHTML, like Gecko) Chrome/115.0.0.0 Safari/537.36"
::1 - - [30/Jul/2023:08:29:58 +0000] "POST /products HTTP/1.1" 201 52 "-" "PostmanRuntime/7.32.3"
::1 - - [30/Jul/2023:08:30:01 +0000] "POST /products HTTP/1.1" 201 52 "-" "PostmanRuntime/7.32.3"
::1 - - [30/Jul/2023:08:30:04 +0000] "GET /products HTTP/1.1" 200 281 "-" "PostmanRuntime/7.32.3"
::1 - - [30/Jul/2023:08:30:14 +0000] "PUT /products/1 HTTP/1.1" 200 151 "-" "PostmanRuntime/7.32.3"
::1 - - [30/Jul/2023:08:30:50 +0000] "PUT /products/1 HTTP/1.1" 200 151 "-" "PostmanRuntime/7.32.3"
::1 - - [30/Jul/2023:08:31:14 +0000] "PUT /products HTTP/1.1" 404 147 "-" "PostmanRuntime/7.32.3"
::1 - - [30/Jul/2023:08:31:19 +0000] "PUT /products/2 HTTP/1.1" 404 44 "-" "PostmanRuntime/7.32.3"
::1 - - [30/Jul/2023:08:31:26 +0000] "POST /products HTTP/1.1" 201 52 "-" "PostmanRuntime/7.32.3"
::1 - - [30/Jul/2023:08:31:29 +0000] "POST /products HTTP/1.1" 201 52 "-" "PostmanRuntime/7.32.3"
::1 - - [30/Jul/2023:08:31:31 +0000] "GET /products HTTP/1.1" 200 281 "-" "PostmanRuntime/7.32.3"
::1 - - [30/Jul/2023:08:31:37 +0000] "PUT /products/1 HTTP/1.1" 200 151 "-" "PostmanRuntime/7.32.3"
::1 - - [30/Jul/2023:08:32:03 +0000] "DELETE /products/1 HTTP/1.1" 204 - "-" "PostmanRuntime/7.32.3"
::1 - - [30/Jul/2023:08:32:07 +0000] "GET /products HTTP/1.1" 200 141 "-" "PostmanRuntime/7.32.3"
::1 - - [30/Jul/2023:08:32:23 +0000] "PUT /products/2 HTTP/1.1" 200 151 "-" "PostmanRuntime/7.32.3"
::1 - - [30/Jul/2023:08:33:04 +0000] "PUT /products/2 HTTP/1.1" 200 151 "-" "PostmanRuntime/7.32.3"
::1 - - [30/Jul/2023:08:33:28 +0000] "POST /products HTTP/1.1" 201 52 "-" "PostmanRuntime/7.32.3"
::1 - - [30/Jul/2023:08:33:30 +0000] "POST /products HTTP/1.1" 201 52 "-" "PostmanRuntime/7.32.3"
::1 - - [30/Jul/2023:08:33:36 +0000] "POST /products HTTP/1.1" 201 52 "-" "PostmanRuntime/7.32.3"
::1 - - [30/Jul/2023:08:33:38 +0000] "GET /products HTTP/1.1" 200 421 "-" "PostmanRuntime/7.32.3"
::1 - - [30/Jul/2023:08:33:48 +0000] "PUT /products/3 HTTP/1.1" 200 92 "-" "PostmanRuntime/7.32.3"
::1 - - [30/Jul/2023:08:34:20 +0000] "GET /products HTTP/1.1" 200 374 "-" "PostmanRuntime/7.32.3"
::1 - - [30/Jul/2023:08:35:02 +0000] "POST /products HTTP/1.1" 201 52 "-" "PostmanRuntime/7.32.3"
::1 - - [30/Jul/2023:08:35:05 +0000] "POST /products HTTP/1.1" 201 52 "-" "PostmanRuntime/7.32.3"
::1 - - [30/Jul/2023:08:35:08 +0000] "POST /products HTTP/1.1" 201 52 "-" "PostmanRuntime/7.32.3"
::1 - - [30/Jul/2023:08:35:10 +0000] "GET /products HTTP/1.1" 200 421 "-" "PostmanRuntime/7.32.3"
::1 - - [30/Jul/2023:08:35:17 +0000] "DELETE /products/2 HTTP/1.1" 204 - "-" "PostmanRuntime/7.32.3"
::1 - - [30/Jul/2023:08:35:19 +0000] "GET /products HTTP/1.1" 200 281 "-" "PostmanRuntime/7.32.3"
